<?xml version="1.0" encoding="utf-8"?>
<TestRun id="a369e960-86bc-48c3-829e-238d3e09920c" name="durga@DURGA 2025-04-09 15:25:32" runUser="DURGA\durga" xmlns="http://microsoft.com/schemas/VisualStudio/TeamTest/2010">
  <Times creation="2025-04-09T15:25:32.9849949+05:30" queuing="2025-04-09T15:25:32.9849958+05:30" start="2025-04-09T15:25:19.6771198+05:30" finish="2025-04-09T15:26:07.9057608+05:30" />
  <TestSettings name="default" id="ef12c6d8-c447-430e-8a69-a00a792b7f42">
    <Deployment runDeploymentRoot="durga_DURGA_2025-04-09_15_25_32" />
  </TestSettings>
  <Results>
    <UnitTestResult executionId="7dece5f6-9fb6-4e46-97fc-0f3750503b36" testId="b6197345-19c0-e21a-6009-3c3cb3b1e3bb" testName="ThisIsLoginWithValidCredentials" computerName="DURGA" duration="00:00:45.4237510" startTime="2025-04-09T15:25:22.3834043+05:30" endTime="2025-04-09T15:26:07.8071549+05:30" testType="13cdc9d9-ddb5-4fa4-a97d-d965ccfc6d4b" outcome="Passed" testListId="8c84fa94-04c1-424b-9868-57a2d4851a1d" relativeResultsDirectory="7dece5f6-9fb6-4e46-97fc-0f3750503b36">
      <Output>
        <StdOut>Given I am on th login page&#xD;
-&gt; done: LoginStepDefinitions.GivenIAmOnThLoginPage() (25.7s)&#xD;
When I click on the login link&#xD;
Log in&#xD;
-&gt; done: LoginStepDefinitions.WhenIClickOnTheLoginLink() (4.9s)&#xD;
And I enter username as "pirorox107@lesotica.com" and password as "Test@1234"&#xD;
-&gt; done: LoginStepDefinitions.WhenIEnterUsernameAsAndPasswordAs("pirorox107@lesoti...", "Test@1234") (0.3s)&#xD;
And I clicked on login button&#xD;
-&gt; done: LoginStepDefinitions.WhenIClickedOnLoginButton() (0.3s)&#xD;
Then I should be looged in&#xD;
Current URL: https://www.w3schools.com/cs/cs_exercises.php&#xD;
-&gt; done: LoginStepDefinitions.ThenIShouldBeLoogedIn() (4.5s)&#xD;
Then I clicked on logout&#xD;
-&gt; done: LoginStepDefinitions.ThenIClickedOnLogout() (0.6s)</StdOut>
      </Output>
    </UnitTestResult>
    <UnitTestResult executionId="20f63d6f-5ac3-4718-b870-92beca07d1a3" testId="0d4170ee-b110-a41a-f4b9-a5dea6c6ccea" testName="AddTwoNumbers" computerName="DURGA" duration="00:00:09.5062490" startTime="2025-04-09T15:25:22.3833738+05:30" endTime="2025-04-09T15:25:31.8895271+05:30" testType="13cdc9d9-ddb5-4fa4-a97d-d965ccfc6d4b" outcome="NotExecuted" testListId="8c84fa94-04c1-424b-9868-57a2d4851a1d" relativeResultsDirectory="20f63d6f-5ac3-4718-b870-92beca07d1a3">
      <Output>
        <StdOut>Given the first number is 50&#xD;
-&gt; pending: CalculatorStepDefinitions.GivenTheFirstNumberIs(50)&#xD;
And the second number is 70&#xD;
-&gt; skipped because of previous errors&#xD;
When the two numbers are added&#xD;
-&gt; skipped because of previous errors&#xD;
Then the result should be 120&#xD;
-&gt; skipped because of previous errors&#xD;
&#xD;
One or more step definitions are not implemented yet.&#xD;
  CalculatorStepDefinitions.GivenTheFirstNumberIs(50)</StdOut>
        <ErrorInfo>
          <Message>One or more step definitions are not implemented yet.&#xD;
  CalculatorStepDefinitions.GivenTheFirstNumberIs(50)</Message>
        </ErrorInfo>
      </Output>
    </UnitTestResult>
  </Results>
  <TestDefinitions>
    <UnitTest name="ThisIsLoginWithValidCredentials" storage="c:\users\durga\source\repos\reqnrollfirsttestproject\reqnrollfirsttestproject\bin\debug\net8.0\reqnrollfirsttestproject.dll" id="b6197345-19c0-e21a-6009-3c3cb3b1e3bb">
      <Execution id="7dece5f6-9fb6-4e46-97fc-0f3750503b36" />
      <TestMethod codeBase="C:\Users\durga\source\repos\ReqnrollFirstTestProject\ReqnrollFirstTestProject\bin\Debug\net8.0\ReqnrollFirstTestProject.dll" adapterTypeName="executor://nunit3testexecutor/" className="ReqnrollFirstTestProject.Features.LoginFeature" name="ThisIsLoginWithValidCredentials" />
    </UnitTest>
    <UnitTest name="AddTwoNumbers" storage="c:\users\durga\source\repos\reqnrollfirsttestproject\reqnrollfirsttestproject\bin\debug\net8.0\reqnrollfirsttestproject.dll" id="0d4170ee-b110-a41a-f4b9-a5dea6c6ccea">
      <Execution id="20f63d6f-5ac3-4718-b870-92beca07d1a3" />
      <TestMethod codeBase="C:\Users\durga\source\repos\ReqnrollFirstTestProject\ReqnrollFirstTestProject\bin\Debug\net8.0\ReqnrollFirstTestProject.dll" adapterTypeName="executor://nunit3testexecutor/" className="ReqnrollFirstTestProject.Features.CalculatorFeature" name="AddTwoNumbers" />
    </UnitTest>
  </TestDefinitions>
  <TestEntries>
    <TestEntry testId="b6197345-19c0-e21a-6009-3c3cb3b1e3bb" executionId="7dece5f6-9fb6-4e46-97fc-0f3750503b36" testListId="8c84fa94-04c1-424b-9868-57a2d4851a1d" />
    <TestEntry testId="0d4170ee-b110-a41a-f4b9-a5dea6c6ccea" executionId="20f63d6f-5ac3-4718-b870-92beca07d1a3" testListId="8c84fa94-04c1-424b-9868-57a2d4851a1d" />
  </TestEntries>
  <TestLists>
    <TestList name="Results Not in a List" id="8c84fa94-04c1-424b-9868-57a2d4851a1d" />
    <TestList name="All Loaded Results" id="19431567-8539-422a-85d7-44ee4e166bda" />
  </TestLists>
  <ResultSummary outcome="Completed">
    <Counters total="2" executed="1" passed="1" failed="0" error="0" timeout="0" aborted="0" inconclusive="0" passedButRunAborted="0" notRunnable="0" notExecuted="0" disconnected="0" warning="0" completed="0" inProgress="0" pending="0" />
    <Output>
      <StdOut>NUnit Adapter 4.5.0.0: Test execution started&#xD;
Running all tests in C:\Users\durga\source\repos\ReqnrollFirstTestProject\ReqnrollFirstTestProject\bin\Debug\net8.0\ReqnrollFirstTestProject.dll&#xD;
   NUnit3TestExecutor discovered 2 of 2 NUnit test cases using Current Discovery mode, Non-Explicit run&#xD;
Starting ChromeDriver 135.0.7049.84 (6c019e56001911b3fd467e03bf68c435924d62f4-refs/branch-heads/7049@{#1778}) on port 50431&#xD;
Only local connections are allowed.&#xD;
Please see https://chromedriver.chromium.org/security-considerations for suggestions on keeping ChromeDriver safe.&#xD;
ChromeDriver was started successfully on port 50431.&#xD;
Starting ChromeDriver 135.0.7049.84 (6c019e56001911b3fd467e03bf68c435924d62f4-refs/branch-heads/7049@{#1778}) on port 50432&#xD;
Only local connections are allowed.&#xD;
Please see https://chromedriver.chromium.org/security-considerations for suggestions on keeping ChromeDriver safe.&#xD;
ChromeDriver was started successfully on port 50432.&#xD;
AddTwoNumbers: One or more step definitions are not implemented yet.&#xD;
  CalculatorStepDefinitions.GivenTheFirstNumberIs(50)&#xD;
NUnit Adapter 4.5.0.0: Test execution complete&#xD;
</StdOut>
    </Output>
    <RunInfos>
      <RunInfo computerName="DURGA" outcome="Warning" timestamp="2025-04-09T15:25:31.9133843+05:30">
        <Text>Given the first number is 50&#xD;
-&gt; pending: CalculatorStepDefinitions.GivenTheFirstNumberIs(50)&#xD;
And the second number is 70&#xD;
-&gt; skipped because of previous errors&#xD;
When the two numbers are added&#xD;
-&gt; skipped because of previous errors&#xD;
Then the result should be 120&#xD;
-&gt; skipped because of previous errors&#xD;
</Text>
      </RunInfo>
      <RunInfo computerName="DURGA" outcome="Warning" timestamp="2025-04-09T15:26:07.8087954+05:30">
        <Text>Given I am on th login page&#xD;
-&gt; done: LoginStepDefinitions.GivenIAmOnThLoginPage() (25.7s)&#xD;
When I click on the login link&#xD;
Log in&#xD;
-&gt; done: LoginStepDefinitions.WhenIClickOnTheLoginLink() (4.9s)&#xD;
And I enter username as "pirorox107@lesotica.com" and password as "Test@1234"&#xD;
-&gt; done: LoginStepDefinitions.WhenIEnterUsernameAsAndPasswordAs("pirorox107@lesoti...", "Test@1234") (0.3s)&#xD;
And I clicked on login button&#xD;
-&gt; done: LoginStepDefinitions.WhenIClickedOnLoginButton() (0.3s)&#xD;
Then I should be looged in&#xD;
Current URL: https://www.w3schools.com/cs/cs_exercises.php&#xD;
-&gt; done: LoginStepDefinitions.ThenIShouldBeLoogedIn() (4.5s)&#xD;
Then I clicked on logout&#xD;
-&gt; done: LoginStepDefinitions.ThenIClickedOnLogout() (0.6s)&#xD;
</Text>
      </RunInfo>
    </RunInfos>
  </ResultSummary>
</TestRun>